# JRE version: Java(TM) SE Runtime Environment (8.0_25-b18) (build 1.8.0_25-b18)
# Java VM: Java HotSpot(TM) 64-Bit Server VM (25.25-b02 mixed mode windows-amd64 compressed oops)
Heap:
 PSYoungGen      total 110080K, used 18806K [0x00000000d5f00000, 0x00000000df200000, 0x0000000100000000)
  eden space 101376K, 9% used [0x00000000d5f00000,0x00000000d68e4dd8,0x00000000dc200000)
  from space 8704K, 99% used [0x00000000de980000,0x00000000df1f8bd8,0x00000000df200000)
  to   space 11776K, 0% used [0x00000000ddb00000,0x00000000ddb00000,0x00000000de680000)
 ParOldGen       total 65024K, used 16864K [0x0000000081c00000, 0x0000000085b80000, 0x00000000d5f00000)
  object space 65024K, 25% used [0x0000000081c00000,0x0000000082c78210,0x0000000085b80000)
 Metaspace       used 26001K, capacity 26644K, committed 26880K, reserved 1073152K
  class space    used 3050K, capacity 3244K, committed 3328K, reserved 1048576K
GC Heap History (10 events):
Event: 7.020 GC heap before
{Heap before GC invocations=5 (full 0):
 PSYoungGen      total 38400K, used 38384K [0x00000000d5f00000, 0x00000000daa00000, 0x0000000100000000)
  eden space 33280K, 100% used [0x00000000d5f00000,0x00000000d7f80000,0x00000000d7f80000)
  from space 5120K, 99% used [0x00000000d8480000,0x00000000d897c030,0x00000000d8980000)
  to   space 5120K, 0% used [0x00000000d7f80000,0x00000000d7f80000,0x00000000d8480000)
 ParOldGen       total 87552K, used 5729K [0x0000000081c00000, 0x0000000087180000, 0x00000000d5f00000)
  object space 87552K, 6% used [0x0000000081c00000,0x0000000082198538,0x0000000087180000)
 Metaspace       used 16602K, capacity 16966K, committed 17280K, reserved 1064960K
  class space    used 2029K, capacity 2149K, committed 2176K, reserved 1048576K
Event: 7.039 GC heap after
Heap after GC invocations=5 (full 0):
 PSYoungGen      total 38400K, used 5120K [0x00000000d5f00000, 0x00000000db100000, 0x0000000100000000)
  eden space 33280K, 0% used [0x00000000d5f00000,0x00000000d5f00000,0x00000000d7f80000)
  from space 5120K, 100% used [0x00000000d7f80000,0x00000000d8480000,0x00000000d8480000)
  to   space 8704K, 0% used [0x00000000da880000,0x00000000da880000,0x00000000db100000)
 ParOldGen       total 87552K, used 7057K [0x0000000081c00000, 0x0000000087180000, 0x00000000d5f00000)
  object space 87552K, 8% used [0x0000000081c00000,0x00000000822e4558,0x0000000087180000)
 Metaspace       used 16602K, capacity 16966K, committed 17280K, reserved 1064960K
  class space    used 2029K, capacity 2149K, committed 2176K, reserved 1048576K
}
Event: 7.914 GC heap before
{Heap before GC invocations=6 (full 0):
 PSYoungGen      total 38400K, used 38400K [0x00000000d5f00000, 0x00000000db100000, 0x0000000100000000)
  eden space 33280K, 100% used [0x00000000d5f00000,0x00000000d7f80000,0x00000000d7f80000)
  from space 5120K, 100% used [0x00000000d7f80000,0x00000000d8480000,0x00000000d8480000)
  to   space 8704K, 0% used [0x00000000da880000,0x00000000da880000,0x00000000db100000)
 ParOldGen       total 87552K, used 7057K [0x0000000081c00000, 0x0000000087180000, 0x00000000d5f00000)
  object space 87552K, 8% used [0x0000000081c00000,0x00000000822e4558,0x0000000087180000)
 Metaspace       used 17111K, capacity 17540K, committed 17920K, reserved 1064960K
  class space    used 2069K, capacity 2190K, committed 2304K, reserved 1048576K
Event: 7.934 GC heap after
Heap after GC invocations=6 (full 0):
 PSYoungGen      total 75264K, used 7376K [0x00000000d5f00000, 0x00000000db100000, 0x0000000100000000)
  eden space 66560K, 0% used [0x00000000d5f00000,0x00000000d5f00000,0x00000000da000000)
  from space 8704K, 84% used [0x00000000da880000,0x00000000dafb4010,0x00000000db100000)
  to   space 8704K, 0% used [0x00000000da000000,0x00000000da000000,0x00000000da880000)
 ParOldGen       total 87552K, used 7065K [0x0000000081c00000, 0x0000000087180000, 0x00000000d5f00000)
  object space 87552K, 8% used [0x0000000081c00000,0x00000000822e6558,0x0000000087180000)
 Metaspace       used 17111K, capacity 17540K, committed 17920K, reserved 1064960K
  class space    used 2069K, capacity 2190K, committed 2304K, reserved 1048576K
}
Event: 9.458 GC heap before
{Heap before GC invocations=7 (full 0):
 PSYoungGen      total 75264K, used 48240K [0x00000000d5f00000, 0x00000000db100000, 0x0000000100000000)
  eden space 66560K, 61% used [0x00000000d5f00000,0x00000000d86e8128,0x00000000da000000)
  from space 8704K, 84% used [0x00000000da880000,0x00000000dafb4010,0x00000000db100000)
  to   space 8704K, 0% used [0x00000000da000000,0x00000000da000000,0x00000000da880000)
 ParOldGen       total 87552K, used 7065K [0x0000000081c00000, 0x0000000087180000, 0x00000000d5f00000)
  object space 87552K, 8% used [0x0000000081c00000,0x00000000822e6558,0x0000000087180000)
 Metaspace       used 20529K, capacity 21088K, committed 21248K, reserved 1067008K
  class space    used 2510K, capacity 2694K, committed 2816K, reserved 1048576K
Event: 9.478 GC heap after
Heap after GC invocations=7 (full 0):
 PSYoungGen      total 75264K, used 7088K [0x00000000d5f00000, 0x00000000df200000, 0x0000000100000000)
  eden space 66560K, 0% used [0x00000000d5f00000,0x00000000d5f00000,0x00000000da000000)
  from space 8704K, 81% used [0x00000000da000000,0x00000000da6ec330,0x00000000da880000)
  to   space 8704K, 0% used [0x00000000de980000,0x00000000de980000,0x00000000df200000)
 ParOldGen       total 87552K, used 9151K [0x0000000081c00000, 0x0000000087180000, 0x00000000d5f00000)
  object space 87552K, 10% used [0x0000000081c00000,0x00000000824efde8,0x0000000087180000)
 Metaspace       used 20529K, capacity 21088K, committed 21248K, reserved 1067008K
  class space    used 2510K, capacity 2694K, committed 2816K, reserved 1048576K
}
Event: 9.478 GC heap before
{Heap before GC invocations=8 (full 1):
 PSYoungGen      total 75264K, used 7088K [0x00000000d5f00000, 0x00000000df200000, 0x0000000100000000)
  eden space 66560K, 0% used [0x00000000d5f00000,0x00000000d5f00000,0x00000000da000000)
  from space 8704K, 81% used [0x00000000da000000,0x00000000da6ec330,0x00000000da880000)
  to   space 8704K, 0% used [0x00000000de980000,0x00000000de980000,0x00000000df200000)
 ParOldGen       total 87552K, used 9151K [0x0000000081c00000, 0x0000000087180000, 0x00000000d5f00000)
  object space 87552K, 10% used [0x0000000081c00000,0x00000000824efde8,0x0000000087180000)
 Metaspace       used 20529K, capacity 21088K, committed 21248K, reserved 1067008K
  class space    used 2510K, capacity 2694K, committed 2816K, reserved 1048576K
Event: 9.613 GC heap after
Heap after GC invocations=8 (full 1):
 PSYoungGen      total 75264K, used 0K [0x00000000d5f00000, 0x00000000df200000, 0x0000000100000000)
  eden space 66560K, 0% used [0x00000000d5f00000,0x00000000d5f00000,0x00000000da000000)
  from space 8704K, 0% used [0x00000000da000000,0x00000000da000000,0x00000000da880000)
  to   space 8704K, 0% used [0x00000000de980000,0x00000000de980000,0x00000000df200000)
 ParOldGen       total 65024K, used 12010K [0x0000000081c00000, 0x0000000085b80000, 0x00000000d5f00000)
  object space 65024K, 18% used [0x0000000081c00000,0x00000000827baad8,0x0000000085b80000)
 Metaspace       used 20529K, capacity 21088K, committed 21248K, reserved 1067008K
  class space    used 2510K, capacity 2694K, committed 2816K, reserved 1048576K
}
Event: 10.967 GC heap before
{Heap before GC invocations=9 (full 1):
 PSYoungGen      total 75264K, used 66560K [0x00000000d5f00000, 0x00000000df200000, 0x0000000100000000)
  eden space 66560K, 100% used [0x00000000d5f00000,0x00000000da000000,0x00000000da000000)
  from space 8704K, 0% used [0x00000000da000000,0x00000000da000000,0x00000000da880000)
  to   space 8704K, 0% used [0x00000000de980000,0x00000000de980000,0x00000000df200000)
 ParOldGen       total 65024K, used 12010K [0x0000000081c00000, 0x0000000085b80000, 0x00000000d5f00000)
  object space 65024K, 18% used [0x0000000081c00000,0x00000000827baad8,0x0000000085b80000)
 Metaspace       used 24217K, capacity 24788K, committed 24832K, reserved 1071104K
  class space    used 2863K, capacity 3052K, committed 3072K, reserved 1048576K
Event: 10.994 GC heap after
Heap after GC invocations=9 (full 1):
 PSYoungGen      total 110080K, used 8674K [0x00000000d5f00000, 0x00000000df200000, 0x0000000100000000)
  eden space 101376K, 0% used [0x00000000d5f00000,0x00000000d5f00000,0x00000000dc200000)
  from space 8704K, 99% used [0x00000000de980000,0x00000000df1f8bd8,0x00000000df200000)
  to   space 11776K, 0% used [0x00000000ddb00000,0x00000000ddb00000,0x00000000de680000)
 ParOldGen       total 65024K, used 16864K [0x0000000081c00000, 0x0000000085b80000, 0x00000000d5f00000)
  object space 65024K, 25% used [0x0000000081c00000,0x0000000082c78210,0x0000000085b80000)
 Metaspace       used 24217K, capacity 24788K, committed 24832K, reserved 1071104K
  class space    used 2863K, capacity 3052K, committed 3072K, reserved 1048576K
}

